[33mcommit e7b76ec2bb9c15c587ec587283ed17990c1eda18[m[33m ([m[1;36mHEAD[m[33m -> [m[1;32mteste[m[33m, [m[1;32mmain[m[33m)[m
Author: delaraantony <antonydelara.lima09@gmail.com>
Date:   Thu Apr 10 16:04:21 2025 -0400

    commit nº2

[33mcommit fb588aca469a7982c6ae20a00ce1470c0d2dfb7b[m
Author: delaraantony <antonydelara.lima09@gmail.com>
Date:   Thu Apr 10 16:00:51 2025 -0400

    commit nº1

[33mcommit 41271eeb047356fef0febfdc97d450cbd0d232c3[m[33m ([m[1;31morigin/main[m[33m, [m[1;31morigin/HEAD[m[33m)[m
Author: delaraantony <antonydelara.lima09@gmail.com>
Date:   Wed Apr 9 16:39:36 2025 -0400

    Atualização do README

[33mcommit eef5dd740fd53b9a0231e322af252fa22f8100ed[m
Author: delaraantony <antonydelara.lima09@gmail.com>
Date:   Wed Apr 9 16:00:40 2025 -0400

    Praticas no bootcamp Python

[33mcommit abb3d6ff5debd8477b6e97fd09e34217d87f91a7[m
Author: delaraantony <antonydelara.lima09@gmail.com>
Date:   Tue Apr 8 14:50:13 2025 -0400

    Initial commit
